Name="Abomination cape" Type="Miscellaneous" Trend="neutral" Price="375,300,000"
Name="Akrisae's hood" Type="Miscellaneous" Trend="neutral" Price="120,700"
Name="Akrisae's hood (broken)" Type="Miscellaneous" Trend="neutral" Price="75,400"
Name="Akrisae's robe skirt" Type="Miscellaneous" Trend="neutral" Price="1,500,000"
Name="Akrisae's robe skirt (broken)" Type="Miscellaneous" Trend="neutral" Price="839,800"
Name="Akrisae's robe top" Type="Miscellaneous" Trend="neutral" Price="3,100,000"
Name="Akrisae's robe top (broken)" Type="Miscellaneous" Trend="neutral" Price="2,100,000"
Name="Akrisae's war mace" Type="Miscellaneous" Trend="neutral" Price="104,600"
Name="Akrisae's war mace (broken)" Type="Miscellaneous" Trend="neutral" Price="50,800"
Name="Amulet of farming (8)" Type="Miscellaneous" Trend="neutral" Price="324"
Name="Anti-sun potion" Type="Miscellaneous" Trend="neutral" Price="11,100"
Name="Apple parasol" Type="Miscellaneous" Trend="neutral" Price="729,600"
Name="Abomination cape" Type="Miscellaneous" Trend="neutral" Price="375,300,000"
Name="Akrisae's hood" Type="Miscellaneous" Trend="neutral" Price="120,700"
Name="Akrisae's hood (broken)" Type="Miscellaneous" Trend="neutral" Price="75,400"
Name="Akrisae's robe skirt" Type="Miscellaneous" Trend="neutral" Price="1,500,000"
Name="Akrisae's robe skirt (broken)" Type="Miscellaneous" Trend="neutral" Price="839,800"
Name="Akrisae's robe top" Type="Miscellaneous" Trend="neutral" Price="3,100,000"
Name="Akrisae's robe top (broken)" Type="Miscellaneous" Trend="neutral" Price="2,100,000"
Name="Akrisae's war mace" Type="Miscellaneous" Trend="neutral" Price="104,600"
Name="Akrisae's war mace (broken)" Type="Miscellaneous" Trend="neutral" Price="50,800"
Name="Amulet of farming (8)" Type="Miscellaneous" Trend="neutral" Price="324"
Name="Anti-sun potion" Type="Miscellaneous" Trend="neutral" Price="11,100"
Name="Apple parasol" Type="Miscellaneous" Trend="neutral" Price="729,600"
Name="Araxyte pheromone" Type="Miscellaneous" Trend="neutral" Price="2,200,000"
Name="Arcane sigil shard" Type="Miscellaneous" Trend="neutral" Price="40,000"
Name="Archers' ring shard" Type="Miscellaneous" Trend="neutral" Price="464"
Name="Armadyl battlestaff" Type="Miscellaneous" Trend="neutral" Price="10,800,000"
Name="Armadyl buckler shard" Type="Miscellaneous" Trend="neutral" Price="229"
