Name="Abomination cape" Type="Miscellaneous" Trend="neutral" Price="375,300,000"
Name="Akrisae's hood" Type="Miscellaneous" Trend="neutral" Price="120,700"
Name="Akrisae's hood (broken)" Type="Miscellaneous" Trend="neutral" Price="75,400"
Name="Akrisae's robe skirt" Type="Miscellaneous" Trend="neutral" Price="1,500,000"
Name="Akrisae's robe skirt (broken)" Type="Miscellaneous" Trend="neutral" Price="839,800"
Name="Akrisae's robe top" Type="Miscellaneous" Trend="neutral" Price="3,100,000"
Name="Akrisae's robe top (broken)" Type="Miscellaneous" Trend="neutral" Price="2,100,000"
Name="Akrisae's war mace" Type="Miscellaneous" Trend="neutral" Price="104,600"
Name="Akrisae's war mace (broken)" Type="Miscellaneous" Trend="neutral" Price="50,800"
Name="Amulet of farming (8)" Type="Miscellaneous" Trend="neutral" Price="324"
Name="Anti-sun potion" Type="Miscellaneous" Trend="neutral" Price="11,100"
Name="Apple parasol" Type="Miscellaneous" Trend="neutral" Price="729,600"
Name="Abomination cape" Type="Miscellaneous" Trend="neutral" Price="375,300,000"
Name="Akrisae's hood" Type="Miscellaneous" Trend="neutral" Price="120,700"
Name="Akrisae's hood (broken)" Type="Miscellaneous" Trend="neutral" Price="75,400"
Name="Akrisae's robe skirt" Type="Miscellaneous" Trend="neutral" Price="1,500,000"
Name="Akrisae's robe skirt (broken)" Type="Miscellaneous" Trend="neutral" Price="839,800"
Name="Akrisae's robe top" Type="Miscellaneous" Trend="neutral" Price="3,100,000"
Name="Akrisae's robe top (broken)" Type="Miscellaneous" Trend="neutral" Price="2,100,000"
Name="Akrisae's war mace" Type="Miscellaneous" Trend="neutral" Price="104,600"
Name="Akrisae's war mace (broken)" Type="Miscellaneous" Trend="neutral" Price="50,800"
Name="Amulet of farming (8)" Type="Miscellaneous" Trend="neutral" Price="324"
Name="Anti-sun potion" Type="Miscellaneous" Trend="neutral" Price="11,100"
Name="Apple parasol" Type="Miscellaneous" Trend="neutral" Price="729,600"
Name="Araxyte pheromone" Type="Miscellaneous" Trend="neutral" Price="2,200,000"
Name="Arcane sigil shard" Type="Miscellaneous" Trend="neutral" Price="40,000"
Name="Archers' ring shard" Type="Miscellaneous" Trend="neutral" Price="464"
Name="Armadyl battlestaff" Type="Miscellaneous" Trend="neutral" Price="10,800,000"
Name="Armadyl buckler shard" Type="Miscellaneous" Trend="neutral" Price="229"
Name="Armadyl chainskirt shard" Type="Miscellaneous" Trend="neutral" Price="42,000"
Name="Armadyl chestplate shard" Type="Miscellaneous" Trend="neutral" Price="41,600"
Name="Armadyl crossbow shard" Type="Miscellaneous" Trend="neutral" Price="16,800"
Name="Armadyl helmet shard" Type="Miscellaneous" Trend="neutral" Price="5,115"
Name="Armadyl hilt shard" Type="Miscellaneous" Trend="neutral" Price="12,900"
Name="Armadyl rune" Type="Miscellaneous" Trend="neutral" Price="376"
Name="Ascension Keystone Primus" Type="Miscellaneous" Trend="neutral" Price="196,100"
Name="Ascension Keystone Quartus" Type="Miscellaneous" Trend="neutral" Price="97,400"
Name="Ascension Keystone Quintus" Type="Miscellaneous" Trend="neutral" Price="78,400"
Name="Ascension Keystone Secundus" Type="Miscellaneous" Trend="neutral" Price="133,100"
Name="Ascension Keystone Sextus" Type="Miscellaneous" Trend="neutral" Price="92,300"
Name="Ascension Keystone Tertius" Type="Miscellaneous" Trend="neutral" Price="85,300"
Name="Ascension shard" Type="Miscellaneous" Trend="neutral" Price="324"
Name="Bacon" Type="Miscellaneous" Trend="neutral" Price="559"
Name="Bacon heap" Type="Miscellaneous" Trend="neutral" Price="334"
Name="Bacon mound" Type="Miscellaneous" Trend="neutral" Price="1,685"
Name="Bacon pile" Type="Miscellaneous" Trend="neutral" Price="168"
Name="Bacon stack" Type="Miscellaneous" Trend="neutral" Price="114"
Name="Bagged plant 1" Type="Miscellaneous" Trend="neutral" Price="1,509"
Name="Bandos chestplate shard" Type="Miscellaneous" Trend="neutral" Price="22,300"
Name="Bandos helmet shard" Type="Miscellaneous" Trend="neutral" Price="4,913"
Name="Bandos hilt shard" Type="Miscellaneous" Trend="neutral" Price="2,490"
Name="Bandos tassets shard" Type="Miscellaneous" Trend="neutral" Price="17,600"
Name="Barbarian assault ticket - hard wave 10" Type="Miscellaneous" Trend="neutral" Price="491,700"
Name="Barbarian assault ticket - hard wave 2" Type="Miscellaneous" Trend="neutral" Price="11,700"
Name="Bacon" Type="Miscellaneous" Trend="neutral" Price="559"
Name="Bacon heap" Type="Miscellaneous" Trend="neutral" Price="334"
Name="Bacon mound" Type="Miscellaneous" Trend="neutral" Price="1,685"
Name="Bacon pile" Type="Miscellaneous" Trend="neutral" Price="168"
Name="Bacon stack" Type="Miscellaneous" Trend="neutral" Price="114"
Name="Bagged plant 1" Type="Miscellaneous" Trend="neutral" Price="1,509"
Name="Bandos chestplate shard" Type="Miscellaneous" Trend="neutral" Price="22,300"
Name="Bandos helmet shard" Type="Miscellaneous" Trend="neutral" Price="4,913"
Name="Bandos hilt shard" Type="Miscellaneous" Trend="neutral" Price="2,490"
Name="Bandos tassets shard" Type="Miscellaneous" Trend="neutral" Price="17,600"
Name="Barbarian assault ticket - hard wave 10" Type="Miscellaneous" Trend="neutral" Price="491,700"
Name="Barbarian assault ticket - hard wave 2" Type="Miscellaneous" Trend="neutral" Price="11,700"
Name="Barbarian assault ticket - hard wave 3" Type="Miscellaneous" Trend="neutral" Price="13,100"
Name="Barbarian assault ticket - hard wave 4" Type="Miscellaneous" Trend="neutral" Price="16,300"
Name="Barbarian assault ticket - hard wave 5" Type="Miscellaneous" Trend="neutral" Price="19,200"
